<?xml version="1.0" encoding="UTF-8"?>
<!-- Generated by org.testng.reporters.JUnitReportReporter -->
<testsuite skipped="0" hostname="Ruchis-MBP" name="scripts.SelectCountry" tests="1" failures="0" timestamp="2021-02-06T16:17:17 GMT" time="6.358" errors="0">
  <testcase name="test2" time="6.358" classname="scripts.SelectCountry"/>
</testsuite> <!-- scripts.SelectCountry -->
