<?xml version="1.0" encoding="UTF-8"?>
<!-- Generated by org.testng.reporters.JUnitReportReporter -->
<testsuite skipped="0" hostname="Ruchis-MBP" name="scripts.StartJourney" tests="1" failures="0" timestamp="2021-02-07T11:08:53 GMT" time="7.641" errors="0">
  <testcase name="test2" time="7.641" classname="scripts.StartJourney"/>
</testsuite> <!-- scripts.StartJourney -->
